[2024-09-10T12:32:07.681749+02:00] ipt10.WARNING: [YOUR COMPLETE NAME] [] []
[2024-09-10T12:32:07.714990+02:00] ipt10.ERROR: [YOUR EMAIL ADDRESS] [] []
[2024-09-10T12:32:07.715042+02:00] ipt10.INFO: profile {"student_number":"[YOUR STUDENT NUMBER]","college":"[COLLEGE NAME]","program":"[PROGRAM NAME]","university":"[UNIVERSITY NAME]"} []
[2024-09-10T12:32:07.715105+02:00] ipt10.INFO: data [100,345,4563,65,234,6734,-99] []
[2024-09-10T12:40:06.171912+02:00] ipt10.WARNING: [YOUR COMPLETE NAME] [] []
[2024-09-10T12:40:06.173041+02:00] ipt10.ERROR: [YOUR EMAIL ADDRESS] [] []
[2024-09-10T12:40:06.173079+02:00] ipt10.INFO: profile {"student_number":"[YOUR STUDENT NUMBER]","college":"[COLLEGE NAME]","program":"[PROGRAM NAME]","university":"[UNIVERSITY NAME]"} []
[2024-09-10T12:40:06.173303+02:00] ipt10.INFO: data [100,345,4563,65,234,6734,-99] []
[2024-09-10T12:40:07.297587+02:00] ipt10.WARNING: [YOUR COMPLETE NAME] [] []
[2024-09-10T12:40:07.298540+02:00] ipt10.ERROR: [YOUR EMAIL ADDRESS] [] []
[2024-09-10T12:40:07.298570+02:00] ipt10.INFO: profile {"student_number":"[YOUR STUDENT NUMBER]","college":"[COLLEGE NAME]","program":"[PROGRAM NAME]","university":"[UNIVERSITY NAME]"} []
[2024-09-10T12:40:07.298612+02:00] ipt10.INFO: data [100,345,4563,65,234,6734,-99] []
[2024-09-10T12:40:08.226152+02:00] ipt10.WARNING: [YOUR COMPLETE NAME] [] []
[2024-09-10T12:40:08.227205+02:00] ipt10.ERROR: [YOUR EMAIL ADDRESS] [] []
[2024-09-10T12:40:08.227240+02:00] ipt10.INFO: profile {"student_number":"[YOUR STUDENT NUMBER]","college":"[COLLEGE NAME]","program":"[PROGRAM NAME]","university":"[UNIVERSITY NAME]"} []
[2024-09-10T12:40:08.227289+02:00] ipt10.INFO: data [100,345,4563,65,234,6734,-99] []
[2024-09-10T12:40:32.585567+02:00] ipt10.WARNING: [YOUR COMPLETE NAME] [] []
[2024-09-10T12:40:32.586520+02:00] ipt10.ERROR: [YOUR EMAIL ADDRESS] [] []
[2024-09-10T12:40:32.586549+02:00] ipt10.INFO: profile {"student_number":"[YOUR STUDENT NUMBER]","college":"[COLLEGE NAME]","program":"[PROGRAM NAME]","university":"[UNIVERSITY NAME]"} []
[2024-09-10T12:40:32.586599+02:00] ipt10.INFO: data [100,345,4563,65,234,6734,-99] []
[2024-09-10T12:46:50.540703+02:00] ipt10.WARNING: [YOUR COMPLETE NAME] [] []
[2024-09-10T12:46:50.541909+02:00] ipt10.ERROR: [YOUR EMAIL ADDRESS] [] []
[2024-09-10T12:46:50.541944+02:00] ipt10.INFO: profile {"student_number":"[YOUR STUDENT NUMBER]","college":"[COLLEGE NAME]","program":"[PROGRAM NAME]","university":"[UNIVERSITY NAME]"} []
[2024-09-10T12:46:50.541999+02:00] ipt10.INFO: data [100,345,4563,65,234,6734,-99] []
[2024-09-10T12:46:51.193936+02:00] ipt10.WARNING: [YOUR COMPLETE NAME] [] []
[2024-09-10T12:46:51.195050+02:00] ipt10.ERROR: [YOUR EMAIL ADDRESS] [] []
[2024-09-10T12:46:51.195083+02:00] ipt10.INFO: profile {"student_number":"[YOUR STUDENT NUMBER]","college":"[COLLEGE NAME]","program":"[PROGRAM NAME]","university":"[UNIVERSITY NAME]"} []
[2024-09-10T12:46:51.195129+02:00] ipt10.INFO: data [100,345,4563,65,234,6734,-99] []
[2024-09-10T12:46:51.377227+02:00] ipt10.WARNING: [YOUR COMPLETE NAME] [] []
[2024-09-10T12:46:51.378220+02:00] ipt10.ERROR: [YOUR EMAIL ADDRESS] [] []
[2024-09-10T12:46:51.378253+02:00] ipt10.INFO: profile {"student_number":"[YOUR STUDENT NUMBER]","college":"[COLLEGE NAME]","program":"[PROGRAM NAME]","university":"[UNIVERSITY NAME]"} []
[2024-09-10T12:46:51.378303+02:00] ipt10.INFO: data [100,345,4563,65,234,6734,-99] []
[2024-09-10T12:46:51.546484+02:00] ipt10.WARNING: [YOUR COMPLETE NAME] [] []
[2024-09-10T12:46:51.547550+02:00] ipt10.ERROR: [YOUR EMAIL ADDRESS] [] []
[2024-09-10T12:46:51.547583+02:00] ipt10.INFO: profile {"student_number":"[YOUR STUDENT NUMBER]","college":"[COLLEGE NAME]","program":"[PROGRAM NAME]","university":"[UNIVERSITY NAME]"} []
[2024-09-10T12:46:51.547632+02:00] ipt10.INFO: data [100,345,4563,65,234,6734,-99] []
[2024-09-10T12:46:53.085385+02:00] ipt10.WARNING: [YOUR COMPLETE NAME] [] []
[2024-09-10T12:46:53.086469+02:00] ipt10.ERROR: [YOUR EMAIL ADDRESS] [] []
[2024-09-10T12:46:53.086509+02:00] ipt10.INFO: profile {"student_number":"[YOUR STUDENT NUMBER]","college":"[COLLEGE NAME]","program":"[PROGRAM NAME]","university":"[UNIVERSITY NAME]"} []
[2024-09-10T12:46:53.086591+02:00] ipt10.INFO: data [100,345,4563,65,234,6734,-99] []
[2024-09-10T12:46:58.123511+02:00] ipt10.WARNING: [YOUR COMPLETE NAME] [] []
[2024-09-10T12:46:58.124474+02:00] ipt10.ERROR: [YOUR EMAIL ADDRESS] [] []
[2024-09-10T12:46:58.124504+02:00] ipt10.INFO: profile {"student_number":"[YOUR STUDENT NUMBER]","college":"[COLLEGE NAME]","program":"[PROGRAM NAME]","university":"[UNIVERSITY NAME]"} []
[2024-09-10T12:46:58.124782+02:00] ipt10.INFO: data [100,345,4563,65,234,6734,-99] []
[2024-09-10T12:47:12.690352+02:00] ipt10.WARNING: [YOUR COMPLETE NAME] [] []
[2024-09-10T12:47:12.691346+02:00] ipt10.ERROR: [YOUR EMAIL ADDRESS] [] []
[2024-09-10T12:47:12.691376+02:00] ipt10.INFO: profile {"student_number":"[YOUR STUDENT NUMBER]","college":"[COLLEGE NAME]","program":"[PROGRAM NAME]","university":"[UNIVERSITY NAME]"} []
[2024-09-10T12:47:12.691751+02:00] ipt10.INFO: data [100,345,4563,65,234,6734,-99] []
[2024-09-10T12:49:06.955895+02:00] ipt10.WARNING: [YOUR COMPLETE NAME] [] []
[2024-09-10T12:49:06.957015+02:00] ipt10.ERROR: [YOUR EMAIL ADDRESS] [] []
[2024-09-10T12:49:06.957045+02:00] ipt10.INFO: profile {"student_number":"[YOUR STUDENT NUMBER]","college":"[COLLEGE NAME]","program":"[PROGRAM NAME]","university":"[UNIVERSITY NAME]"} []
[2024-09-10T12:49:06.957362+02:00] ipt10.INFO: data [100,345,4563,65,234,6734,-99] []
[2024-09-10T12:49:27.483028+02:00] ipt10.WARNING: [YOUR COMPLETE NAME] [] []
[2024-09-10T12:49:27.484013+02:00] ipt10.ERROR: [YOUR EMAIL ADDRESS] [] []
[2024-09-10T12:49:27.484056+02:00] ipt10.INFO: profile {"student_number":"[YOUR STUDENT NUMBER]","college":"[COLLEGE NAME]","program":"[PROGRAM NAME]","university":"[UNIVERSITY NAME]"} []
[2024-09-10T12:49:27.484530+02:00] ipt10.INFO: data [100,345,4563,65,234,6734,-99] []
[2024-09-10T12:57:26.125351+02:00] ipt10.WARNING: Raemart Millare [] []
[2024-09-10T12:57:26.126666+02:00] ipt10.ERROR: [millare@example.com [] []
[2024-09-10T12:57:26.126699+02:00] ipt10.INFO: profile {"student_number":"22-1006-129","college":"CCS","program":"Information Technology","university":"Angeles University Foundation"} []
[2024-09-10T12:57:26.127547+02:00] ipt10.INFO: data [100,345,4563,65,234,6734,-99] []
[2024-09-10T12:58:09.755776+02:00] ipt10.WARNING: Raemart Millare [] []
[2024-09-10T12:58:09.756992+02:00] ipt10.ERROR: [millare@example.com [] []
[2024-09-10T12:58:09.757024+02:00] ipt10.INFO: profile {"student_number":"22-1006-129","college":"CCS","program":"Information Technology","university":"Angeles University Foundation"} []
[2024-09-10T12:58:09.758851+02:00] ipt10.INFO: data [100,345,4563,65,234,6734,-99] []
[2024-09-10T12:58:46.635676+02:00] ipt10.WARNING: Raemart Millare [] []
[2024-09-10T12:58:46.636895+02:00] ipt10.ERROR: [millare@example.com [] []
[2024-09-10T12:58:46.636927+02:00] ipt10.INFO: profile {"student_number":"22-1006-129","college":"CCS","program":"Information Technology","university":"Angeles University Foundation"} []
[2024-09-10T12:58:46.637692+02:00] ipt10.INFO: data [100,345,4563,65,234,6734,-99] []
[2024-09-10T12:59:10.784956+02:00] ipt10.WARNING: Raemart Millare [] []
[2024-09-10T12:59:10.787103+02:00] ipt10.ERROR: [millare@example.com [] []
[2024-09-10T12:59:10.787136+02:00] ipt10.INFO: profile {"student_number":"22-1006-129","college":"CCS","program":"Information Technology","university":"Angeles University Foundation"} []
[2024-09-10T12:59:10.788641+02:00] ipt10.INFO: data [100,345,4563,65,234,6734,-99] []
[2024-09-10T13:04:27.819431+02:00] ipt10.WARNING: Raemart Millare [] []
[2024-09-10T13:04:27.820886+02:00] ipt10.ERROR: [millare@example.com [] []
[2024-09-10T13:04:27.820944+02:00] ipt10.INFO: profile {"student_number":"22-1006-129","college":"CCS","program":"Information Technology","university":"Angeles University Foundation"} []
[2024-09-10T13:04:27.822285+02:00] ipt10.INFO: data [100,345,4563,65,234,6734,-99] []
[2024-09-10T13:05:11.412849+02:00] ipt10.WARNING: Raemart Millare [] []
[2024-09-10T13:05:11.414141+02:00] ipt10.ERROR: [millare@example.com [] []
[2024-09-10T13:05:11.414198+02:00] ipt10.INFO: profile {"student_number":"22-1006-129","college":"CCS","program":"Information Technology","university":"Angeles University Foundation"} []
[2024-09-10T13:05:11.415920+02:00] ipt10.INFO: data [100,345,4563,65,234,6734,-99] []
[2024-09-10T13:07:29.022484+02:00] ipt10.WARNING: Raemart Millare [] []
[2024-09-10T13:07:29.023947+02:00] ipt10.ERROR: [millare@example.com [] []
[2024-09-10T13:07:29.023994+02:00] ipt10.INFO: profile {"student_number":"22-1006-129","college":"CCS","program":"Information Technology","university":"Angeles University Foundation"} []
[2024-09-10T13:07:29.025600+02:00] ipt10.INFO: data [100,345,4563,65,234,6734,-99] []
[2024-09-10T13:10:19.491429+02:00] ipt10.WARNING: Raemart Millare [] []
[2024-09-10T13:10:19.492766+02:00] ipt10.ERROR: millare@example.com [] []
[2024-09-10T13:10:19.492804+02:00] ipt10.INFO: profile {"student_number":"22-1006-129","college":"CCS","program":"Information Technology","university":"Angeles University Foundation"} []
[2024-09-10T13:10:19.494268+02:00] ipt10.INFO: data [100,345,4563,65,234,6734,-99] []
[2024-09-10T13:10:56.226548+02:00] ipt10.WARNING: Raemart Millare [] []
[2024-09-10T13:10:56.227963+02:00] ipt10.ERROR: millare@example.com [] []
[2024-09-10T13:10:56.227994+02:00] ipt10.INFO: profile {"student_number":"22-1006-129","college":"CCS","program":"Information Technology","university":"Angeles University Foundation"} []
[2024-09-10T13:10:56.229670+02:00] ipt10.INFO: data [100,345,4563,65,234,6734,-99] []
[2024-09-10T13:14:29.194901+02:00] ipt10.WARNING: Raemart Millare [] []
[2024-09-10T13:14:29.196265+02:00] ipt10.ERROR: millare@example.com [] []
[2024-09-10T13:14:29.196309+02:00] ipt10.INFO: profile {"student_number":"22-1006-129","college":"CCS","program":"Information Technology","university":"Angeles University Foundation"} []
[2024-09-10T13:14:29.197970+02:00] ipt10.INFO: data [100,345,4563,65,234,6734,-99] []
[2024-09-10T13:22:07.170691+02:00] ipt10.WARNING: Raemart Millare [] []
[2024-09-10T13:22:07.171984+02:00] ipt10.ERROR: millare@example.com [] []
[2024-09-10T13:22:07.172018+02:00] ipt10.INFO: profile {"student_number":"22-1006-129","college":"CCS","program":"Information Technology","university":"Angeles University Foundation"} []
[2024-09-10T13:22:07.173088+02:00] ipt10.INFO: data [100,345,4563,65,234,6734,-99] []
[2024-09-10T13:22:07.173139+02:00] ipt10.DEBUG: object {"object":"TestClass Object\n(\n    [logger:TestClass:private] => Monolog\\Logger Object\n        (\n            [name:protected] => ipt10\n            [handlers:protected] => Array\n                (\n                )\n\n            [processors:protected] => Array\n                (\n                )\n\n            [microsecondTimestamps:protected] => 1\n            [timezone:protected] => DateTimeZone Object\n                (\n                    [timezone_type] => 3\n                    [timezone] => Europe/Berlin\n                )\n\n            [exceptionHandler:protected] => \n            [logDepth:Monolog\\Logger:private] => 0\n            [fiberLogDepth:Monolog\\Logger:private] => WeakMap Object\n                (\n                )\n\n            [detectCycles:Monolog\\Logger:private] => 1\n        )\n\n)\n"} []
